0 verbose cli /usr/local/bin/node /usr/local/bin/npm
1 info using npm@11.11.0
2 info using node@v24.14.1
3 silly config load:file:/usr/local/lib/node_modules/npm/npmrc
4 silly config load:file:/Users/ztlab124/Desktop/Assignments/trend-agent-2/agent-ai-demo/frontend/.npmrc
5 silly config load:file:/Users/ztlab124/.npmrc
6 silly config load:file:/usr/local/etc/npmrc
7 verbose title npm install next-intl
8 verbose argv "install" "next-intl" "--cache" ".npm_cache"
9 verbose logfile logs-max:10 dir:/Users/ztlab124/Desktop/Assignments/trend-agent-2/agent-ai-demo/frontend/.npm_cache/_logs/2026-05-13T08_44_26_779Z-
10 verbose logfile /Users/ztlab124/Desktop/Assignments/trend-agent-2/agent-ai-demo/frontend/.npm_cache/_logs/2026-05-13T08_44_26_779Z-debug-0.log
11 silly logfile done cleaning log files
12 silly packumentCache heap:2348810240 maxSize:587202560 maxEntrySize:293601280
13 silly idealTree buildDeps
14 silly fetch manifest next-intl@*
15 silly packumentCache full:https://registry.npmjs.org/next-intl cache-miss
16 http fetch GET 200 https://registry.npmjs.org/npm 448ms
17 http fetch GET 200 https://registry.npmjs.org/next-intl 576ms (cache miss)
18 silly packumentCache full:https://registry.npmjs.org/next-intl set size:undefined disposed:false
19 silly fetch manifest next@16.2.5
20 silly packumentCache full:https://registry.npmjs.org/next cache-miss
21 http fetch GET 200 https://registry.npmjs.org/next 1152ms (cache miss)
22 silly packumentCache full:https://registry.npmjs.org/next set size:undefined disposed:false
23 silly fetch manifest @opentelemetry/api@^1.1.0
24 silly packumentCache full:https://registry.npmjs.org/@opentelemetry%2fapi cache-miss
25 http fetch GET 200 https://registry.npmjs.org/@opentelemetry%2fapi 103ms (cache miss)
26 silly packumentCache full:https://registry.npmjs.org/@opentelemetry%2fapi set size:undefined disposed:false
27 silly fetch manifest @playwright/test@^1.51.1
28 silly packumentCache full:https://registry.npmjs.org/@playwright%2ftest cache-miss
29 http fetch GET 200 https://registry.npmjs.org/@playwright%2ftest 612ms (cache miss)
30 silly packumentCache full:https://registry.npmjs.org/@playwright%2ftest set size:undefined disposed:false
31 silly fetch manifest babel-plugin-react-compiler@*
32 silly packumentCache full:https://registry.npmjs.org/babel-plugin-react-compiler cache-miss
33 http fetch GET 200 https://registry.npmjs.org/babel-plugin-react-compiler 115ms (cache miss)
34 silly packumentCache full:https://registry.npmjs.org/babel-plugin-react-compiler set size:undefined disposed:false
35 silly fetch manifest react@19.2.4
36 silly packumentCache full:https://registry.npmjs.org/react cache-miss
37 http fetch GET 200 https://registry.npmjs.org/react 581ms (cache miss)
38 silly packumentCache full:https://registry.npmjs.org/react set size:undefined disposed:false
39 silly fetch manifest react-dom@19.2.4
40 silly packumentCache full:https://registry.npmjs.org/react-dom cache-miss
41 http fetch GET 200 https://registry.npmjs.org/react-dom 550ms (cache miss)
42 silly packumentCache full:https://registry.npmjs.org/react-dom set size:undefined disposed:false
43 silly fetch manifest sass@^1.3.0
44 silly packumentCache full:https://registry.npmjs.org/sass cache-miss
45 http fetch GET 200 https://registry.npmjs.org/sass 113ms (cache miss)
46 silly packumentCache full:https://registry.npmjs.org/sass set size:undefined disposed:false
47 silly placeDep ROOT next-intl@4.11.2 OK for: frontend@0.1.0 want: *
48 silly fetch manifest use-intl@^4.11.2
49 silly packumentCache full:https://registry.npmjs.org/use-intl cache-miss
50 silly fetch manifest @swc/core@^1.15.2
51 silly packumentCache full:https://registry.npmjs.org/@swc%2fcore cache-miss
52 silly fetch manifest po-parser@^2.1.1
53 silly packumentCache full:https://registry.npmjs.org/po-parser cache-miss
54 silly fetch manifest icu-minify@^4.11.2
55 silly packumentCache full:https://registry.npmjs.org/icu-minify cache-miss
56 silly fetch manifest @parcel/watcher@^2.4.1
57 silly packumentCache full:https://registry.npmjs.org/@parcel%2fwatcher cache-miss
58 silly fetch manifest @formatjs/intl-localematcher@^0.8.1
59 silly packumentCache full:https://registry.npmjs.org/@formatjs%2fintl-localematcher cache-miss
60 silly fetch manifest next-intl-swc-plugin-extractor@^4.11.2
61 silly packumentCache full:https://registry.npmjs.org/next-intl-swc-plugin-extractor cache-miss
62 http fetch GET 200 https://registry.npmjs.org/@parcel%2fwatcher 266ms (cache miss)
63 silly packumentCache full:https://registry.npmjs.org/@parcel%2fwatcher set size:undefined disposed:false
64 http fetch GET 200 https://registry.npmjs.org/@swc%2fcore 282ms (cache miss)
65 silly packumentCache full:https://registry.npmjs.org/@swc%2fcore set size:undefined disposed:false
66 http fetch GET 200 https://registry.npmjs.org/@formatjs%2fintl-localematcher 345ms (cache miss)
67 silly packumentCache full:https://registry.npmjs.org/@formatjs%2fintl-localematcher set size:undefined disposed:false
68 http fetch GET 200 https://registry.npmjs.org/icu-minify 439ms (cache miss)
69 silly packumentCache full:https://registry.npmjs.org/icu-minify set size:undefined disposed:false
70 http fetch GET 200 https://registry.npmjs.org/use-intl 440ms (cache miss)
71 silly packumentCache full:https://registry.npmjs.org/use-intl set size:undefined disposed:false
72 http fetch GET 200 https://registry.npmjs.org/next-intl-swc-plugin-extractor 445ms (cache miss)
73 silly packumentCache full:https://registry.npmjs.org/next-intl-swc-plugin-extractor set size:undefined disposed:false
74 http fetch GET 200 https://registry.npmjs.org/po-parser 573ms (cache miss)
75 silly packumentCache full:https://registry.npmjs.org/po-parser set size:undefined disposed:false
76 silly fetch manifest react@^16.8.0 || ^17.0.0 || ^18.0.0 || >=19.0.0-rc <19.0.0 || ^19.0.0
77 silly packumentCache full:https://registry.npmjs.org/react cache-miss
78 http cache https://registry.npmjs.org/react 10ms (cache hit)
79 silly packumentCache full:https://registry.npmjs.org/react set size:6650647 disposed:false
80 silly fetch manifest @swc/helpers@>=0.5.17
81 silly packumentCache full:https://registry.npmjs.org/@swc%2fhelpers cache-miss
82 http fetch GET 200 https://registry.npmjs.org/@swc%2fhelpers 125ms (cache miss)
83 silly packumentCache full:https://registry.npmjs.org/@swc%2fhelpers set size:undefined disposed:false
84 silly placeDep ROOT @formatjs/intl-localematcher@0.8.7 OK for: next-intl@4.11.2 want: ^0.8.1
85 silly placeDep ROOT @parcel/watcher@2.5.6 OK for: next-intl@4.11.2 want: ^2.4.1
86 silly placeDep node_modules/next-intl @swc/core@1.15.33 OK for: next-intl@4.11.2 want: ^1.15.2
87 silly placeDep node_modules/next-intl @swc/helpers@0.5.21 OK for: @swc/core@1.15.33 want: >=0.5.17
88 silly placeDep ROOT icu-minify@4.11.2 OK for: next-intl@4.11.2 want: ^4.11.2
89 silly placeDep ROOT next-intl-swc-plugin-extractor@4.11.2 OK for: next-intl@4.11.2 want: ^4.11.2
90 silly placeDep ROOT po-parser@2.1.1 OK for: next-intl@4.11.2 want: ^2.1.1
91 silly placeDep ROOT use-intl@4.11.2 OK for: next-intl@4.11.2 want: ^4.11.2
92 silly fetch manifest @formatjs/fast-memoize@3.1.5
93 silly packumentCache full:https://registry.npmjs.org/@formatjs%2ffast-memoize cache-miss
94 silly fetch manifest node-addon-api@^7.0.0
95 silly packumentCache full:https://registry.npmjs.org/node-addon-api cache-miss
96 silly fetch manifest picomatch@^4.0.3
97 silly packumentCache full:https://registry.npmjs.org/picomatch cache-miss
98 silly fetch manifest @parcel/watcher-darwin-x64@2.5.6
99 silly packumentCache full:https://registry.npmjs.org/@parcel%2fwatcher-darwin-x64 cache-miss
100 silly fetch manifest @parcel/watcher-darwin-arm64@2.5.6
101 silly packumentCache full:https://registry.npmjs.org/@parcel%2fwatcher-darwin-arm64 cache-miss
102 silly fetch manifest @parcel/watcher-win32-x64@2.5.6
103 silly packumentCache full:https://registry.npmjs.org/@parcel%2fwatcher-win32-x64 cache-miss
104 silly fetch manifest @parcel/watcher-win32-arm64@2.5.6
105 silly packumentCache full:https://registry.npmjs.org/@parcel%2fwatcher-win32-arm64 cache-miss
106 http fetch GET 200 https://registry.npmjs.org/node-addon-api 57ms (cache miss)
107 silly packumentCache full:https://registry.npmjs.org/node-addon-api set size:undefined disposed:false
108 silly fetch manifest @parcel/watcher-win32-ia32@2.5.6
109 silly packumentCache full:https://registry.npmjs.org/@parcel%2fwatcher-win32-ia32 cache-miss
110 http fetch GET 200 https://registry.npmjs.org/@parcel%2fwatcher-win32-arm64 61ms (cache miss)
111 silly packumentCache full:https://registry.npmjs.org/@parcel%2fwatcher-win32-arm64 set size:undefined disposed:false
112 silly fetch manifest @parcel/watcher-linux-x64-glibc@2.5.6
113 silly packumentCache full:https://registry.npmjs.org/@parcel%2fwatcher-linux-x64-glibc cache-miss
114 http fetch GET 200 https://registry.npmjs.org/@parcel%2fwatcher-darwin-x64 61ms (cache miss)
115 silly packumentCache full:https://registry.npmjs.org/@parcel%2fwatcher-darwin-x64 set size:undefined disposed:false
116 silly fetch manifest @parcel/watcher-linux-x64-musl@2.5.6
117 silly packumentCache full:https://registry.npmjs.org/@parcel%2fwatcher-linux-x64-musl cache-miss
118 http fetch GET 200 https://registry.npmjs.org/@parcel%2fwatcher-darwin-arm64 62ms (cache miss)
119 silly packumentCache full:https://registry.npmjs.org/@parcel%2fwatcher-darwin-arm64 set size:undefined disposed:false
120 silly fetch manifest @parcel/watcher-linux-arm64-glibc@2.5.6
121 silly packumentCache full:https://registry.npmjs.org/@parcel%2fwatcher-linux-arm64-glibc cache-miss
122 http fetch GET 200 https://registry.npmjs.org/picomatch 81ms (cache miss)
123 silly packumentCache full:https://registry.npmjs.org/picomatch set size:undefined disposed:false
124 silly fetch manifest @parcel/watcher-linux-arm64-musl@2.5.6
125 silly packumentCache full:https://registry.npmjs.org/@parcel%2fwatcher-linux-arm64-musl cache-miss
126 http fetch GET 200 https://registry.npmjs.org/@parcel%2fwatcher-win32-x64 83ms (cache miss)
127 silly packumentCache full:https://registry.npmjs.org/@parcel%2fwatcher-win32-x64 set size:undefined disposed:false
128 silly fetch manifest @parcel/watcher-linux-arm-glibc@2.5.6
129 silly packumentCache full:https://registry.npmjs.org/@parcel%2fwatcher-linux-arm-glibc cache-miss
130 http fetch GET 200 https://registry.npmjs.org/@parcel%2fwatcher-win32-ia32 50ms (cache miss)
131 silly packumentCache full:https://registry.npmjs.org/@parcel%2fwatcher-win32-ia32 set size:undefined disposed:false
132 silly fetch manifest @parcel/watcher-linux-arm-musl@2.5.6
133 silly packumentCache full:https://registry.npmjs.org/@parcel%2fwatcher-linux-arm-musl cache-miss
134 http fetch GET 200 https://registry.npmjs.org/@parcel%2fwatcher-linux-x64-glibc 63ms (cache miss)
135 silly packumentCache full:https://registry.npmjs.org/@parcel%2fwatcher-linux-x64-glibc set size:undefined disposed:false
136 silly fetch manifest @parcel/watcher-android-arm64@2.5.6
137 silly packumentCache full:https://registry.npmjs.org/@parcel%2fwatcher-android-arm64 cache-miss
138 http fetch GET 200 https://registry.npmjs.org/@parcel%2fwatcher-linux-arm64-glibc 62ms (cache miss)
139 silly packumentCache full:https://registry.npmjs.org/@parcel%2fwatcher-linux-arm64-glibc set size:undefined disposed:false
140 silly fetch manifest @parcel/watcher-freebsd-x64@2.5.6
141 silly packumentCache full:https://registry.npmjs.org/@parcel%2fwatcher-freebsd-x64 cache-miss
142 http fetch GET 200 https://registry.npmjs.org/@parcel%2fwatcher-linux-arm-musl 154ms (cache miss)
143 silly packumentCache full:https://registry.npmjs.org/@parcel%2fwatcher-linux-arm-musl set size:undefined disposed:false
144 silly fetch manifest @swc/counter@^0.1.3
145 silly packumentCache full:https://registry.npmjs.org/@swc%2fcounter cache-miss
146 http fetch GET 200 https://registry.npmjs.org/@parcel%2fwatcher-linux-arm64-musl 181ms (cache miss)
147 silly packumentCache full:https://registry.npmjs.org/@parcel%2fwatcher-linux-arm64-musl set size:undefined disposed:false
148 silly fetch manifest @swc/types@^0.1.26
149 silly packumentCache full:https://registry.npmjs.org/@swc%2ftypes cache-miss
150 http fetch GET 200 https://registry.npmjs.org/@parcel%2fwatcher-linux-arm-glibc 181ms (cache miss)
151 silly packumentCache full:https://registry.npmjs.org/@parcel%2fwatcher-linux-arm-glibc set size:undefined disposed:false
152 silly fetch manifest @swc/core-darwin-x64@1.15.33
153 silly packumentCache full:https://registry.npmjs.org/@swc%2fcore-darwin-x64 cache-miss
154 http fetch GET 200 https://registry.npmjs.org/@formatjs%2ffast-memoize 274ms (cache miss)
155 silly packumentCache full:https://registry.npmjs.org/@formatjs%2ffast-memoize set size:undefined disposed:false
156 silly fetch manifest @swc/core-win32-x64-msvc@1.15.33
157 silly packumentCache full:https://registry.npmjs.org/@swc%2fcore-win32-x64-msvc cache-miss
158 http fetch GET 200 https://registry.npmjs.org/@swc%2ftypes 84ms (cache miss)
159 silly packumentCache full:https://registry.npmjs.org/@swc%2ftypes set size:undefined disposed:false
160 silly fetch manifest @swc/core-linux-x64-gnu@1.15.33
161 silly packumentCache full:https://registry.npmjs.org/@swc%2fcore-linux-x64-gnu cache-miss
162 http fetch GET 200 https://registry.npmjs.org/@parcel%2fwatcher-android-arm64 315ms (cache miss)
163 silly packumentCache full:https://registry.npmjs.org/@parcel%2fwatcher-android-arm64 set size:undefined disposed:false
164 silly fetch manifest @swc/core-linux-ppc64-gnu@1.15.33
165 silly packumentCache full:https://registry.npmjs.org/@swc%2fcore-linux-ppc64-gnu cache-miss
166 http fetch GET 200 https://registry.npmjs.org/@parcel%2fwatcher-linux-x64-musl 384ms (cache miss)
167 silly packumentCache full:https://registry.npmjs.org/@parcel%2fwatcher-linux-x64-musl set size:undefined disposed:false
168 silly fetch manifest @swc/core-linux-s390x-gnu@1.15.33
169 silly packumentCache full:https://registry.npmjs.org/@swc%2fcore-linux-s390x-gnu cache-miss
170 http fetch GET 200 https://registry.npmjs.org/@swc%2fcore-darwin-x64 194ms (cache miss)
171 silly packumentCache full:https://registry.npmjs.org/@swc%2fcore-darwin-x64 set size:undefined disposed:false
172 silly fetch manifest @swc/core-linux-x64-musl@1.15.33
173 silly packumentCache full:https://registry.npmjs.org/@swc%2fcore-linux-x64-musl cache-miss
174 http fetch GET 200 https://registry.npmjs.org/@swc%2fcore-linux-x64-gnu 268ms (cache miss)
175 silly packumentCache full:https://registry.npmjs.org/@swc%2fcore-linux-x64-gnu set size:undefined disposed:false
176 silly fetch manifest @swc/core-win32-ia32-msvc@1.15.33
177 silly packumentCache full:https://registry.npmjs.org/@swc%2fcore-win32-ia32-msvc cache-miss
178 http fetch GET 200 https://registry.npmjs.org/@swc%2fcounter 364ms (cache miss)
179 silly packumentCache full:https://registry.npmjs.org/@swc%2fcounter set size:undefined disposed:false
180 silly fetch manifest @swc/core-linux-arm-gnueabihf@1.15.33
181 silly packumentCache full:https://registry.npmjs.org/@swc%2fcore-linux-arm-gnueabihf cache-miss
182 http fetch GET 200 https://registry.npmjs.org/@parcel%2fwatcher-freebsd-x64 535ms (cache miss)
183 silly packumentCache full:https://registry.npmjs.org/@parcel%2fwatcher-freebsd-x64 set size:undefined disposed:false
184 silly fetch manifest @swc/core-darwin-arm64@1.15.33
185 silly packumentCache full:https://registry.npmjs.org/@swc%2fcore-darwin-arm64 cache-miss
186 http fetch GET 200 https://registry.npmjs.org/@swc%2fcore-linux-ppc64-gnu 263ms (cache miss)
187 silly packumentCache full:https://registry.npmjs.org/@swc%2fcore-linux-ppc64-gnu set size:undefined disposed:false
188 silly fetch manifest @swc/core-linux-arm64-gnu@1.15.33
189 silly packumentCache full:https://registry.npmjs.org/@swc%2fcore-linux-arm64-gnu cache-miss
190 http fetch GET 200 https://registry.npmjs.org/@swc%2fcore-win32-x64-msvc 422ms (cache miss)
191 silly packumentCache full:https://registry.npmjs.org/@swc%2fcore-win32-x64-msvc set size:undefined disposed:false
192 silly fetch manifest @swc/core-linux-arm64-musl@1.15.33
193 silly packumentCache full:https://registry.npmjs.org/@swc%2fcore-linux-arm64-musl cache-miss
194 http fetch GET 200 https://registry.npmjs.org/@swc%2fcore-linux-arm-gnueabihf 286ms (cache miss)
195 silly packumentCache full:https://registry.npmjs.org/@swc%2fcore-linux-arm-gnueabihf set size:undefined disposed:false
196 silly fetch manifest @swc/core-win32-arm64-msvc@1.15.33
197 silly packumentCache full:https://registry.npmjs.org/@swc%2fcore-win32-arm64-msvc cache-miss
198 http fetch GET 200 https://registry.npmjs.org/@swc%2fcore-linux-s390x-gnu 622ms (cache miss)
199 silly packumentCache full:https://registry.npmjs.org/@swc%2fcore-linux-s390x-gnu set size:undefined disposed:false
200 silly fetch manifest @formatjs/icu-messageformat-parser@^3.4.0
201 silly packumentCache full:https://registry.npmjs.org/@formatjs%2ficu-messageformat-parser cache-miss
202 http fetch GET 200 https://registry.npmjs.org/@swc%2fcore-linux-arm64-musl 413ms (cache miss)
203 silly packumentCache full:https://registry.npmjs.org/@swc%2fcore-linux-arm64-musl set size:undefined disposed:false
204 silly fetch manifest intl-messageformat@^11.1.0
205 silly packumentCache full:https://registry.npmjs.org/intl-messageformat cache-miss
206 http fetch GET 200 https://registry.npmjs.org/@swc%2fcore-darwin-arm64 509ms (cache miss)
207 silly packumentCache full:https://registry.npmjs.org/@swc%2fcore-darwin-arm64 set size:undefined disposed:false
208 silly fetch manifest @formatjs/fast-memoize@^3.1.0
209 silly packumentCache full:https://registry.npmjs.org/@formatjs%2ffast-memoize cache-miss
210 http cache https://registry.npmjs.org/@formatjs%2ffast-memoize 2ms (cache hit)
211 silly packumentCache full:https://registry.npmjs.org/@formatjs%2ffast-memoize set size:75304 disposed:false
212 silly fetch manifest @schummar/icu-type-parser@1.21.5
213 silly packumentCache full:https://registry.npmjs.org/@schummar%2ficu-type-parser cache-miss
214 http fetch GET 200 https://registry.npmjs.org/@swc%2fcore-linux-arm64-gnu 481ms (cache miss)
215 silly packumentCache full:https://registry.npmjs.org/@swc%2fcore-linux-arm64-gnu set size:undefined disposed:false
216 http fetch GET 200 https://registry.npmjs.org/intl-messageformat 190ms (cache miss)
217 silly packumentCache full:https://registry.npmjs.org/intl-messageformat set size:undefined disposed:false
218 http fetch GET 200 https://registry.npmjs.org/@swc%2fcore-linux-x64-musl 1030ms (cache miss)
219 silly packumentCache full:https://registry.npmjs.org/@swc%2fcore-linux-x64-musl set size:undefined disposed:false
220 http fetch GET 200 https://registry.npmjs.org/@swc%2fcore-win32-arm64-msvc 706ms (cache miss)
221 silly packumentCache full:https://registry.npmjs.org/@swc%2fcore-win32-arm64-msvc set size:undefined disposed:false
222 http fetch GET 200 https://registry.npmjs.org/@swc%2fcore-win32-ia32-msvc 1012ms (cache miss)
223 silly packumentCache full:https://registry.npmjs.org/@swc%2fcore-win32-ia32-msvc set size:undefined disposed:false
224 http fetch GET 200 https://registry.npmjs.org/@formatjs%2ficu-messageformat-parser 644ms (cache miss)
225 silly packumentCache full:https://registry.npmjs.org/@formatjs%2ficu-messageformat-parser set size:undefined disposed:false
226 http fetch GET 200 https://registry.npmjs.org/@schummar%2ficu-type-parser 896ms (cache miss)
227 silly packumentCache full:https://registry.npmjs.org/@schummar%2ficu-type-parser set size:undefined disposed:false
228 silly placeDep ROOT @formatjs/fast-memoize@3.1.5 OK for: @formatjs/intl-localematcher@0.8.7 want: 3.1.5
229 silly placeDep ROOT @parcel/watcher-android-arm64@2.5.6 OK for: @parcel/watcher@2.5.6 want: 2.5.6
230 silly placeDep ROOT @parcel/watcher-darwin-arm64@2.5.6 OK for: @parcel/watcher@2.5.6 want: 2.5.6
231 silly placeDep ROOT @parcel/watcher-darwin-x64@2.5.6 OK for: @parcel/watcher@2.5.6 want: 2.5.6
232 silly placeDep ROOT @parcel/watcher-freebsd-x64@2.5.6 OK for: @parcel/watcher@2.5.6 want: 2.5.6
233 silly placeDep ROOT @parcel/watcher-linux-arm-glibc@2.5.6 OK for: @parcel/watcher@2.5.6 want: 2.5.6
234 silly placeDep ROOT @parcel/watcher-linux-arm-musl@2.5.6 OK for: @parcel/watcher@2.5.6 want: 2.5.6
235 silly placeDep ROOT @parcel/watcher-linux-arm64-glibc@2.5.6 OK for: @parcel/watcher@2.5.6 want: 2.5.6
236 silly placeDep ROOT @parcel/watcher-linux-arm64-musl@2.5.6 OK for: @parcel/watcher@2.5.6 want: 2.5.6
237 silly placeDep ROOT @parcel/watcher-linux-x64-glibc@2.5.6 OK for: @parcel/watcher@2.5.6 want: 2.5.6
238 silly placeDep ROOT @parcel/watcher-linux-x64-musl@2.5.6 OK for: @parcel/watcher@2.5.6 want: 2.5.6
239 silly placeDep ROOT @parcel/watcher-win32-arm64@2.5.6 OK for: @parcel/watcher@2.5.6 want: 2.5.6
240 silly placeDep ROOT @parcel/watcher-win32-ia32@2.5.6 OK for: @parcel/watcher@2.5.6 want: 2.5.6
241 silly placeDep ROOT @parcel/watcher-win32-x64@2.5.6 OK for: @parcel/watcher@2.5.6 want: 2.5.6
242 silly placeDep ROOT node-addon-api@7.1.1 OK for: @parcel/watcher@2.5.6 want: ^7.0.0
243 silly placeDep node_modules/@parcel/watcher picomatch@4.0.4 OK for: @parcel/watcher@2.5.6 want: ^4.0.3
244 silly placeDep ROOT @formatjs/icu-messageformat-parser@3.5.8 OK for: icu-minify@4.11.2 want: ^3.4.0
245 silly fetch manifest @formatjs/icu-skeleton-parser@2.1.8
246 silly packumentCache full:https://registry.npmjs.org/@formatjs%2ficu-skeleton-parser cache-miss
247 http fetch GET 200 https://registry.npmjs.org/@formatjs%2ficu-skeleton-parser 73ms (cache miss)
248 silly packumentCache full:https://registry.npmjs.org/@formatjs%2ficu-skeleton-parser set size:undefined disposed:false
249 silly placeDep ROOT @formatjs/icu-skeleton-parser@2.1.8 OK for: @formatjs/icu-messageformat-parser@3.5.8 want: 2.1.8
250 silly placeDep ROOT @schummar/icu-type-parser@1.21.5 OK for: use-intl@4.11.2 want: 1.21.5
251 silly placeDep ROOT intl-messageformat@11.2.5 OK for: use-intl@4.11.2 want: ^11.1.0
252 silly placeDep ROOT @swc/core-darwin-arm64@1.15.33 OK for: @swc/core@1.15.33 want: 1.15.33
253 silly placeDep ROOT @swc/core-darwin-x64@1.15.33 OK for: @swc/core@1.15.33 want: 1.15.33
254 silly placeDep ROOT @swc/core-linux-arm-gnueabihf@1.15.33 OK for: @swc/core@1.15.33 want: 1.15.33
255 silly placeDep ROOT @swc/core-linux-arm64-gnu@1.15.33 OK for: @swc/core@1.15.33 want: 1.15.33
256 silly placeDep ROOT @swc/core-linux-arm64-musl@1.15.33 OK for: @swc/core@1.15.33 want: 1.15.33
257 silly placeDep ROOT @swc/core-linux-ppc64-gnu@1.15.33 OK for: @swc/core@1.15.33 want: 1.15.33
258 silly placeDep ROOT @swc/core-linux-s390x-gnu@1.15.33 OK for: @swc/core@1.15.33 want: 1.15.33
259 silly placeDep ROOT @swc/core-linux-x64-gnu@1.15.33 OK for: @swc/core@1.15.33 want: 1.15.33
260 silly placeDep ROOT @swc/core-linux-x64-musl@1.15.33 OK for: @swc/core@1.15.33 want: 1.15.33
261 silly placeDep ROOT @swc/core-win32-arm64-msvc@1.15.33 OK for: @swc/core@1.15.33 want: 1.15.33
262 silly placeDep ROOT @swc/core-win32-ia32-msvc@1.15.33 OK for: @swc/core@1.15.33 want: 1.15.33
263 silly placeDep ROOT @swc/core-win32-x64-msvc@1.15.33 OK for: @swc/core@1.15.33 want: 1.15.33
264 silly placeDep ROOT @swc/counter@0.1.3 OK for: @swc/core@1.15.33 want: ^0.1.3
265 silly placeDep ROOT @swc/types@0.1.26 OK for: @swc/core@1.15.33 want: ^0.1.26
266 silly reify moves {}
267 silly audit bulk request {
267 silly audit   '@alloc/quick-lru': [ '5.2.0' ],
267 silly audit   '@babel/code-frame': [ '7.29.0' ],
267 silly audit   '@babel/compat-data': [ '7.29.3' ],
267 silly audit   '@babel/core': [ '7.29.0' ],
267 silly audit   '@babel/generator': [ '7.29.1' ],
267 silly audit   '@babel/helper-annotate-as-pure': [ '7.27.3' ],
267 silly audit   '@babel/helper-compilation-targets': [ '7.28.6' ],
267 silly audit   '@babel/helper-create-class-features-plugin': [ '7.29.3' ],
267 silly audit   '@babel/helper-globals': [ '7.28.0' ],
267 silly audit   '@babel/helper-member-expression-to-functions': [ '7.28.5' ],
267 silly audit   '@babel/helper-module-imports': [ '7.28.6' ],
267 silly audit   '@babel/helper-module-transforms': [ '7.28.6' ],
267 silly audit   '@babel/helper-optimise-call-expression': [ '7.27.1' ],
267 silly audit   '@babel/helper-plugin-utils': [ '7.28.6' ],
267 silly audit   '@babel/helper-replace-supers': [ '7.28.6' ],
267 silly audit   '@babel/helper-skip-transparent-expression-wrappers': [ '7.27.1' ],
267 silly audit   '@babel/helper-string-parser': [ '7.27.1' ],
267 silly audit   '@babel/helper-validator-identifier': [ '7.28.5' ],
267 silly audit   '@babel/helper-validator-option': [ '7.27.1' ],
267 silly audit   '@babel/helpers': [ '7.29.2' ],
267 silly audit   '@babel/parser': [ '7.29.3' ],
267 silly audit   '@babel/plugin-syntax-jsx': [ '7.28.6' ],
267 silly audit   '@babel/plugin-syntax-typescript': [ '7.28.6' ],
267 silly audit   '@babel/plugin-transform-modules-commonjs': [ '7.28.6' ],
267 silly audit   '@babel/plugin-transform-typescript': [ '7.28.6' ],
267 silly audit   '@babel/preset-typescript': [ '7.28.5' ],
267 silly audit   '@babel/runtime': [ '7.29.2' ],
267 silly audit   '@babel/template': [ '7.28.6' ],
267 silly audit   '@babel/traverse': [ '7.29.0' ],
267 silly audit   '@babel/types': [ '7.29.0' ],
267 silly audit   '@dotenvx/dotenvx': [ '1.65.0' ],
267 silly audit   commander: [ '11.1.0', '14.0.3', '2.20.3' ],
267 silly audit   execa: [ '5.1.1', '9.6.1' ],
267 silly audit   fdir: [ '6.5.0' ],
267 silly audit   'get-stream': [ '6.0.1', '9.0.1' ],
267 silly audit   'human-signals': [ '2.1.0', '8.0.1' ],
267 silly audit   'is-stream': [ '2.0.1', '4.0.1' ],
267 silly audit   isexe: [ '3.1.5', '2.0.0' ],
267 silly audit   'npm-run-path': [ '4.0.1', '6.0.0' ],
267 silly audit   onetime: [ '5.1.2', '7.0.0' ],
267 silly audit   picomatch: [ '4.0.4', '2.3.2' ],
267 silly audit   'signal-exit': [ '3.0.7', '4.1.0' ],
267 silly audit   'strip-final-newline': [ '2.0.0', '4.0.0' ],
267 silly audit   which: [ '4.0.0', '2.0.2' ],
267 silly audit   '@ecies/ciphers': [ '0.2.6' ],
267 silly audit   '@emnapi/core': [ '1.10.0' ],
267 silly audit   '@emnapi/runtime': [ '1.10.0' ],
267 silly audit   '@emnapi/wasi-threads': [ '1.2.1' ],
267 silly audit   '@eslint-community/eslint-utils': [ '4.9.1' ],
267 silly audit   'eslint-visitor-keys': [ '3.4.3', '5.0.1', '4.2.1' ],
267 silly audit   '@eslint-community/regexpp': [ '4.12.2' ],
267 silly audit   '@eslint/config-array': [ '0.21.2' ],
267 silly audit   '@eslint/config-helpers': [ '0.4.2' ],
267 silly audit   '@eslint/core': [ '0.17.0' ],
267 silly audit   '@eslint/eslintrc': [ '3.3.5' ],
267 silly audit   '@eslint/js': [ '9.39.4' ],
267 silly audit   '@eslint/object-schema': [ '2.1.7' ],
267 silly audit   '@eslint/plugin-kit': [ '0.4.1' ],
267 silly audit   '@floating-ui/core': [ '1.7.5' ],
267 silly audit   '@floating-ui/dom': [ '1.7.6' ],
267 silly audit   '@floating-ui/react-dom': [ '2.1.8' ],
267 silly audit   '@floating-ui/utils': [ '0.2.11' ],
267 silly audit   '@hono/node-server': [ '1.19.14' ],
267 silly audit   '@hookform/resolvers': [ '5.2.2' ],
267 silly audit   '@humanfs/core': [ '0.19.2' ],
267 silly audit   '@humanfs/node': [ '0.16.8' ],
267 silly audit   '@humanfs/types': [ '0.15.0' ],
267 silly audit   '@humanwhocodes/module-importer': [ '1.0.1' ],
267 silly audit   '@humanwhocodes/retry': [ '0.4.3' ],
267 silly audit   '@img/colour': [ '1.1.0' ],
267 silly audit   '@img/sharp-darwin-arm64': [ '0.34.5' ],
267 silly audit   '@img/sharp-darwin-x64': [ '0.34.5' ],
267 silly audit   '@img/sharp-libvips-darwin-arm64': [ '1.2.4' ],
267 silly audit   '@img/sharp-libvips-darwin-x64': [ '1.2.4' ],
267 silly audit   '@img/sharp-libvips-linux-arm': [ '1.2.4' ],
267 silly audit   '@img/sharp-libvips-linux-arm64': [ '1.2.4' ],
267 silly audit   '@img/sharp-libvips-linux-ppc64': [ '1.2.4' ],
267 silly audit   '@img/sharp-libvips-linux-riscv64': [ '1.2.4' ],
267 silly audit   '@img/sharp-libvips-linux-s390x': [ '1.2.4' ],
267 silly audit   '@img/sharp-libvips-linux-x64': [ '1.2.4' ],
267 silly audit   '@img/sharp-libvips-linuxmusl-arm64': [ '1.2.4' ],
267 silly audit   '@img/sharp-libvips-linuxmusl-x64': [ '1.2.4' ],
267 silly audit   '@img/sharp-linux-arm': [ '0.34.5' ],
267 silly audit   '@img/sharp-linux-arm64': [ '0.34.5' ],
267 silly audit   '@img/sharp-linux-ppc64': [ '0.34.5' ],
267 silly audit   '@img/sharp-linux-riscv64': [ '0.34.5' ],
267 silly audit   '@img/sharp-linux-s390x': [ '0.34.5' ],
267 silly audit   '@img/sharp-linux-x64': [ '0.34.5' ],
267 silly audit   '@img/sharp-linuxmusl-arm64': [ '0.34.5' ],
267 silly audit   '@img/sharp-linuxmusl-x64': [ '0.34.5' ],
267 silly audit   '@img/sharp-wasm32': [ '0.34.5' ],
267 silly audit   '@img/sharp-win32-arm64': [ '0.34.5' ],
267 silly audit   '@img/sharp-win32-ia32': [ '0.34.5' ],
267 silly audit   '@img/sharp-win32-x64': [ '0.34.5' ],
267 silly audit   '@inquirer/ansi': [ '2.0.5' ],
267 silly audit   '@inquirer/confirm': [ '6.0.12' ],
267 silly audit   '@inquirer/core': [ '11.1.9' ],
267 silly audit   '@inquirer/figures': [ '2.0.5' ],
267 silly audit   '@inquirer/type': [ '4.0.5' ],
267 silly audit   '@jridgewell/gen-mapping': [ '0.3.13' ],
267 silly audit   '@jridgewell/remapping': [ '2.3.5' ],
267 silly audit   '@jridgewell/resolve-uri': [ '3.1.2' ],
267 silly audit   '@jridgewell/sourcemap-codec': [ '1.5.5' ],
267 silly audit   '@jridgewell/trace-mapping': [ '0.3.31' ],
267 silly audit   '@modelcontextprotocol/sdk': [ '1.29.0' ],
267 silly audit   ajv: [ '8.20.0', '6.15.0' ],
267 silly audit   jose: [ '6.2.3', '4.15.9' ],
267 silly audit   'json-schema-traverse': [ '1.0.0', '0.4.1' ],
267 silly audit   '@mswjs/interceptors': [ '0.41.8' ],
267 silly audit   '@open-draft/deferred-promise': [ '2.2.0', '3.0.0' ],
267 silly audit   '@napi-rs/wasm-runtime': [ '0.2.12' ],
267 silly audit   '@next/env': [ '16.2.5' ],
267 silly audit   '@next/eslint-plugin-next': [ '16.2.5' ],
267 silly audit   '@next/swc-darwin-arm64': [ '16.2.5' ],
267 silly audit   '@next/swc-darwin-x64': [ '16.2.5' ],
267 silly audit   '@next/swc-linux-arm64-gnu': [ '16.2.5' ],
267 silly audit   '@next/swc-linux-arm64-musl': [ '16.2.5' ],
267 silly audit   '@next/swc-linux-x64-gnu': [ '16.2.5' ],
267 silly audit   '@next/swc-linux-x64-musl': [ '16.2.5' ],
267 silly audit   '@next/swc-win32-arm64-msvc': [ '16.2.5' ],
267 silly audit   '@next/swc-win32-x64-msvc': [ '16.2.5' ],
267 silly audit   '@noble/ciphers': [ '1.3.0' ],
267 silly audit   '@noble/curves': [ '1.9.7' ],
267 silly audit   '@noble/hashes': [ '1.8.0' ],
267 silly audit   '@nodelib/fs.scandir': [ '2.1.5' ],
267 silly audit   '@nodelib/fs.stat': [ '2.0.5' ],
267 silly audit   '@nodelib/fs.walk': [ '1.2.8' ],
267 silly audit   '@nolyfill/is-core-module': [ '1.0.39' ],
267 silly audit   '@open-draft/logger': [ '0.3.0' ],
267 silly audit   '@open-draft/until': [ '2.1.0' ],
267 silly audit   '@panva/hkdf': [ '1.2.1' ],
267 silly audit   '@radix-ui/number': [ '1.1.1' ],
267 silly audit   '@radix-ui/primitive': [ '1.1.3' ],
267 silly audit   '@radix-ui/react-accessible-icon': [ '1.1.7' ],
267 silly audit   '@radix-ui/react-accordion': [ '1.2.12' ],
267 silly audit   '@radix-ui/react-alert-dialog': [ '1.1.15' ],
267 silly audit   '@radix-ui/react-slot': [ '1.2.3', '1.2.4' ],
267 silly audit   '@radix-ui/react-arrow': [ '1.1.7' ],
267 silly audit   '@radix-ui/react-aspect-ratio': [ '1.1.7' ],
267 silly audit   '@radix-ui/react-avatar': [ '1.1.10' ],
267 silly audit   '@radix-ui/react-checkbox': [ '1.3.3' ],
267 silly audit   '@radix-ui/react-collapsible': [ '1.1.12' ],
267 silly audit   '@radix-ui/react-collection': [ '1.1.7' ],
267 silly audit   '@radix-ui/react-compose-refs': [ '1.1.2' ],
267 silly audit   '@radix-ui/react-context': [ '1.1.2' ],
267 silly audit   '@radix-ui/react-context-menu': [ '2.2.16' ],
267 silly audit   '@radix-ui/react-dialog': [ '1.1.15' ],
267 silly audit   '@radix-ui/react-direction': [ '1.1.1' ],
267 silly audit   '@radix-ui/react-dismissable-layer': [ '1.1.11' ],
267 silly audit   '@radix-ui/react-dropdown-menu': [ '2.1.16' ],
267 silly audit   '@radix-ui/react-focus-guards': [ '1.1.3' ],
267 silly audit   '@radix-ui/react-focus-scope': [ '1.1.7' ],
267 silly audit   '@radix-ui/react-form': [ '0.1.8' ],
267 silly audit   '@radix-ui/react-label': [ '2.1.7', '2.1.8' ],
267 silly audit   '@radix-ui/react-hover-card': [ '1.1.15' ],
267 silly audit   '@radix-ui/react-id': [ '1.1.1' ],
267 silly audit   '@radix-ui/react-primitive': [ '2.1.4', '2.1.3' ],
267 silly audit   '@radix-ui/react-menu': [ '2.1.16' ],
267 silly audit   '@radix-ui/react-menubar': [ '1.1.16' ],
267 silly audit   '@radix-ui/react-navigation-menu': [ '1.2.14' ],
267 silly audit   '@radix-ui/react-one-time-password-field': [ '0.1.8' ],
267 silly audit   '@radix-ui/react-password-toggle-field': [ '0.1.3' ],
267 silly audit   '@radix-ui/react-popover': [ '1.1.15' ],
267 silly audit   '@radix-ui/react-popper': [ '1.2.8' ],
267 silly audit   '@radix-ui/react-portal': [ '1.1.9' ],
267 silly audit   '@radix-ui/react-presence': [ '1.1.5' ],
267 silly audit   '@radix-ui/react-progress': [ '1.1.7' ],
267 silly audit   '@radix-ui/react-radio-group': [ '1.3.8' ],
267 silly audit   '@radix-ui/react-roving-focus': [ '1.1.11' ],
267 silly audit   '@radix-ui/react-scroll-area': [ '1.2.10' ],
267 silly audit   '@radix-ui/react-select': [ '2.2.6' ],
267 silly audit   '@radix-ui/react-separator': [ '1.1.7' ],
267 silly audit   '@radix-ui/react-slider': [ '1.3.6' ],
267 silly audit   '@radix-ui/react-switch': [ '1.2.6' ],
267 silly audit   '@radix-ui/react-tabs': [ '1.1.13' ],
267 silly audit   '@radix-ui/react-toast': [ '1.2.15' ],
267 silly audit   '@radix-ui/react-toggle': [ '1.1.10' ],
267 silly audit   '@radix-ui/react-toggle-group': [ '1.1.11' ],
267 silly audit   '@radix-ui/react-toolbar': [ '1.1.11' ],
267 silly audit   '@radix-ui/react-tooltip': [ '1.2.8' ],
267 silly audit   '@radix-ui/react-use-callback-ref': [ '1.1.1' ],
267 silly audit   '@radix-ui/react-use-controllable-state': [ '1.2.2' ],
267 silly audit   '@radix-ui/react-use-effect-event': [ '0.0.2' ],
267 silly audit   '@radix-ui/react-use-escape-keydown': [ '1.1.1' ],
267 silly audit   '@radix-ui/react-use-is-hydrated': [ '0.1.0' ],
267 silly audit   '@radix-ui/react-use-layout-effect': [ '1.1.1' ],
267 silly audit   '@radix-ui/react-use-previous': [ '1.1.1' ],
267 silly audit   '@radix-ui/react-use-rect': [ '1.1.1' ],
267 silly audit   '@radix-ui/react-use-size': [ '1.1.1' ],
267 silly audit   '@radix-ui/react-visually-hidden': [ '1.2.3' ],
267 silly audit   '@radix-ui/rect': [ '1.1.1' ],
267 silly audit   '@reduxjs/toolkit': [ '2.11.2' ],
267 silly audit   immer: [ '11.1.7', '10.2.0' ],
267 silly audit   '@rtsao/scc': [ '1.1.0' ],
267 silly audit   '@sec-ant/readable-stream': [ '0.4.1' ],
267 silly audit   '@sindresorhus/merge-streams': [ '4.0.0' ],
267 silly audit   '@standard-schema/spec': [ '1.1.0' ],
267 silly audit   '@standard-schema/utils': [ '0.3.0' ],
267 silly audit   '@swc/helpers': [ '0.5.15' ],
267 silly audit   '@tailwindcss/node': [ '4.2.4' ],
267 silly audit   '@tailwindcss/oxide': [ '4.2.4' ],
267 silly audit   '@tailwindcss/oxide-android-arm64': [ '4.2.4' ],
267 silly audit   '@tailwindcss/oxide-darwin-arm64': [ '4.2.4' ],
267 silly audit   '@tailwindcss/oxide-darwin-x64': [ '4.2.4' ],
267 silly audit   '@tailwindcss/oxide-freebsd-x64': [ '4.2.4' ],
267 silly audit   '@tailwindcss/oxide-linux-arm-gnueabihf': [ '4.2.4' ],
267 silly audit   '@tailwindcss/oxide-linux-arm64-gnu': [ '4.2.4' ],
267 silly audit   '@tailwindcss/oxide-linux-arm64-musl': [ '4.2.4' ],
267 silly audit   '@tailwindcss/oxide-linux-x64-gnu': [ '4.2.4' ],
267 silly audit   '@tailwindcss/oxide-linux-x64-musl': [ '4.2.4' ],
267 silly audit   '@tailwindcss/oxide-wasm32-wasi': [ '4.2.4' ],
267 silly audit   '@tailwindcss/oxide-win32-arm64-msvc': [ '4.2.4' ],
267 silly audit   '@tailwindcss/oxide-win32-x64-msvc': [ '4.2.4' ],
267 silly audit   '@tailwindcss/postcss': [ '4.2.4' ],
267 silly audit   '@tanstack/query-core': [ '5.100.9' ],
267 silly audit   '@tanstack/react-query': [ '5.100.9' ],
267 silly audit   '@ts-morph/common': [ '0.27.0' ],
267 silly audit   'balanced-match': [ '4.0.4', '1.0.2' ],
267 silly audit   'brace-expansion': [ '5.0.5', '1.1.14' ],
267 silly audit   'fast-glob': [ '3.3.3', '3.3.1' ],
267 silly audit   'glob-parent': [ '5.1.2', '6.0.2' ],
267 silly audit   minimatch: [ '10.2.5', '3.1.5' ],
267 silly audit   '@tybys/wasm-util': [ '0.10.2' ],
267 silly audit   '@types/d3-array': [ '3.2.2' ],
267 silly audit   '@types/d3-color': [ '3.1.3' ],
267 silly audit   '@types/d3-ease': [ '3.0.2' ],
267 silly audit   '@types/d3-interpolate': [ '3.0.4' ],
267 silly audit   '@types/d3-path': [ '3.1.1' ],
267 silly audit   '@types/d3-scale': [ '4.0.9' ],
267 silly audit   '@types/d3-shape': [ '3.1.8' ],
267 silly audit   '@types/d3-time': [ '3.0.4' ],
267 silly audit   '@types/d3-timer': [ '3.0.2' ],
267 silly audit   '@types/estree': [ '1.0.9' ],
267 silly audit   '@types/json-schema': [ '7.0.15' ],
267 silly audit   '@types/json5': [ '0.0.29' ],
267 silly audit   '@types/node': [ '20.19.39' ],
267 silly audit   '@types/pako': [ '2.0.4' ],
267 silly audit   '@types/raf': [ '3.4.3' ],
267 silly audit   '@types/react': [ '19.2.14' ],
267 silly audit   '@types/react-dom': [ '19.2.3' ],
267 silly audit   '@types/set-cookie-parser': [ '2.4.10' ],
267 silly audit   '@types/statuses': [ '2.0.6' ],
267 silly audit   '@types/trusted-types': [ '2.0.7' ],
267 silly audit   '@types/use-sync-external-store': [ '0.0.6' ],
267 silly audit   '@types/validate-npm-package-name': [ '4.0.2' ],
267 silly audit   '@typescript-eslint/eslint-plugin': [ '8.59.2' ],
267 silly audit   ignore: [ '7.0.5', '5.3.2' ],
267 silly audit   '@typescript-eslint/parser': [ '8.59.2' ],
267 silly audit   '@typescript-eslint/project-service': [ '8.59.2' ],
267 silly audit   '@typescript-eslint/scope-manager': [ '8.59.2' ],
267 silly audit   '@typescript-eslint/tsconfig-utils': [ '8.59.2' ],
267 silly audit   '@typescript-eslint/type-utils': [ '8.59.2' ],
267 silly audit   '@typescript-eslint/types': [ '8.59.2' ],
267 silly audit   '@typescript-eslint/typescript-estree': [ '8.59.2' ],
267 silly audit   semver: [ '7.7.4', '6.3.1' ],
267 silly audit   '@typescript-eslint/utils': [ '8.59.2' ],
267 silly audit   '@typescript-eslint/visitor-keys': [ '8.59.2' ],
267 silly audit   '@unrs/resolver-binding-android-arm-eabi': [ '1.11.1' ],
267 silly audit   '@unrs/resolver-binding-android-arm64': [ '1.11.1' ],
267 silly audit   '@unrs/resolver-binding-darwin-arm64': [ '1.11.1' ],
267 silly audit   '@unrs/resolver-binding-darwin-x64': [ '1.11.1' ],
267 silly audit   '@unrs/resolver-binding-freebsd-x64': [ '1.11.1' ],
267 silly audit   '@unrs/resolver-binding-linux-arm-gnueabihf': [ '1.11.1' ],
267 silly audit   '@unrs/resolver-binding-linux-arm-musleabihf': [ '1.11.1' ],
267 silly audit   '@unrs/resolver-binding-linux-arm64-gnu': [ '1.11.1' ],
267 silly audit   '@unrs/resolver-binding-linux-arm64-musl': [ '1.11.1' ],
267 silly audit   '@unrs/resolver-binding-linux-ppc64-gnu': [ '1.11.1' ],
267 silly audit   '@unrs/resolver-binding-linux-riscv64-gnu': [ '1.11.1' ],
267 silly audit   '@unrs/resolver-binding-linux-riscv64-musl': [ '1.11.1' ],
267 silly audit   '@unrs/resolver-binding-linux-s390x-gnu': [ '1.11.1' ],
267 silly audit   '@unrs/resolver-binding-linux-x64-gnu': [ '1.11.1' ],
267 silly audit   '@unrs/resolver-binding-linux-x64-musl': [ '1.11.1' ],
267 silly audit   '@unrs/resolver-binding-wasm32-wasi': [ '1.11.1' ],
267 silly audit   '@unrs/resolver-binding-win32-arm64-msvc': [ '1.11.1' ],
267 silly audit   '@unrs/resolver-binding-win32-ia32-msvc': [ '1.11.1' ],
267 silly audit   '@unrs/resolver-binding-win32-x64-msvc': [ '1.11.1' ],
267 silly audit   '@vnedyalk0v/react19-simple-maps': [ '2.0.7' ],
267 silly audit   accepts: [ '2.0.0' ],
267 silly audit   acorn: [ '8.16.0' ],
267 silly audit   'acorn-jsx': [ '5.3.2' ],
267 silly audit   'agent-base': [ '7.1.4' ],
267 silly audit   'ajv-formats': [ '3.0.1' ],
267 silly audit   'ansi-regex': [ '6.2.2', '5.0.1' ],
267 silly audit   'ansi-styles': [ '4.3.0' ],
267 silly audit   argparse: [ '2.0.1' ],
267 silly audit   'aria-hidden': [ '1.2.6' ],
267 silly audit   'aria-query': [ '5.3.2' ],
267 silly audit   'array-buffer-byte-length': [ '1.0.2' ],
267 silly audit   'array-includes': [ '3.1.9' ],
267 silly audit   'array.prototype.findlast': [ '1.2.5' ],
267 silly audit   'array.prototype.findlastindex': [ '1.2.6' ],
267 silly audit   'array.prototype.flat': [ '1.3.3' ],
267 silly audit   'array.prototype.flatmap': [ '1.3.3' ],
267 silly audit   'array.prototype.tosorted': [ '1.1.4' ],
267 silly audit   'arraybuffer.prototype.slice': [ '1.0.4' ],
267 silly audit   'ast-types': [ '0.16.1' ],
267 silly audit   'ast-types-flow': [ '0.0.8' ],
267 silly audit   'async-function': [ '1.0.0' ],
267 silly audit   asynckit: [ '0.4.0' ],
267 silly audit   'available-typed-arrays': [ '1.0.7' ],
267 silly audit   'axe-core': [ '4.11.4' ],
267 silly audit   axios: [ '1.16.0' ],
267 silly audit   'axobject-query': [ '4.1.0' ],
267 silly audit   'base64-arraybuffer': [ '1.0.2' ],
267 silly audit   'baseline-browser-mapping': [ '2.10.27' ],
267 silly audit   'body-parser': [ '2.2.2' ],
267 silly audit   braces: [ '3.0.3' ],
267 silly audit   browserslist: [ '4.28.2' ],
267 silly audit   'bundle-name': [ '4.1.0' ],
267 silly audit   bytes: [ '3.1.2' ],
267 silly audit   'call-bind': [ '1.0.9' ],
267 silly audit   'call-bind-apply-helpers': [ '1.0.2' ],
267 silly audit   'call-bound': [ '1.0.4' ],
267 silly audit   callsites: [ '3.1.0' ],
267 silly audit   'caniuse-lite': [ '1.0.30001792' ],
267 silly audit   canvg: [ '3.0.11' ],
267 silly audit   chalk: [ '4.1.2', '5.6.2' ],
267 silly audit   'class-variance-authority': [ '0.7.1' ],
267 silly audit   'cli-cursor': [ '5.0.0' ],
267 silly audit   'cli-spinners': [ '2.9.2' ],
267 silly audit   'cli-width': [ '4.1.0' ],
267 silly audit   'client-only': [ '0.0.1' ],
267 silly audit   cliui: [ '8.0.1' ],
267 silly audit   'emoji-regex': [ '8.0.0', '9.2.2', '10.6.0' ],
267 silly audit   'string-width': [ '4.2.3', '7.2.0' ],
267 silly audit   'strip-ansi': [ '6.0.1', '7.2.0' ],
267 silly audit   clsx: [ '2.1.1' ],
267 silly audit   'code-block-writer': [ '13.0.3' ],
267 silly audit   'color-convert': [ '2.0.1' ],
267 silly audit   'color-name': [ '1.1.4' ],
267 silly audit   'combined-stream': [ '1.0.8' ],
267 silly audit   'concat-map': [ '0.0.1' ],
267 silly audit   'content-disposition': [ '1.1.0' ],
267 silly audit   'content-type': [ '1.0.5' ],
267 silly audit   'convert-source-map': [ '2.0.0' ],
267 silly audit   cookie: [ '0.7.2', '1.1.1' ],
267 silly audit   'cookie-signature': [ '1.2.2' ],
267 silly audit   'core-js': [ '3.49.0' ],
267 silly audit   cors: [ '2.8.6' ],
267 silly audit   cosmiconfig: [ '9.0.1' ],
267 silly audit   'cross-spawn': [ '7.0.6' ],
267 silly audit   'css-line-break': [ '2.1.0' ],
267 silly audit   cssesc: [ '3.0.0' ],
267 silly audit   csstype: [ '3.2.3' ],
267 silly audit   'd3-array': [ '3.2.4' ],
267 silly audit   'd3-color': [ '3.1.0' ],
267 silly audit   'd3-dispatch': [ '3.0.1' ],
267 silly audit   'd3-drag': [ '3.0.0' ],
267 silly audit   'd3-ease': [ '3.0.1' ],
267 silly audit   'd3-format': [ '3.1.2' ],
267 silly audit   'd3-geo': [ '3.1.1' ],
267 silly audit   'd3-interpolate': [ '3.0.1' ],
267 silly audit   'd3-path': [ '3.1.0' ],
267 silly audit   'd3-scale': [ '4.0.2' ],
267 silly audit   'd3-selection': [ '3.0.0' ],
267 silly audit   'd3-shape': [ '3.2.0' ],
267 silly audit   'd3-time': [ '3.1.0' ],
267 silly audit   'd3-time-format': [ '4.1.0' ],
267 silly audit   'd3-timer': [ '3.0.1' ],
267 silly audit   'd3-transition': [ '3.0.1' ],
267 silly audit   'd3-zoom': [ '3.0.0' ],
267 silly audit   'damerau-levenshtein': [ '1.0.8' ],
267 silly audit   'data-uri-to-buffer': [ '4.0.1' ],
267 silly audit   'data-view-buffer': [ '1.0.2' ],
267 silly audit   'data-view-byte-length': [ '1.0.2' ],
267 silly audit   'data-view-byte-offset': [ '1.0.1' ],
267 silly audit   debug: [ '4.4.3', '3.2.7' ],
267 silly audit   'decimal.js-light': [ '2.5.1' ],
267 silly audit   dedent: [ '1.7.2' ],
267 silly audit   'deep-is': [ '0.1.4' ],
267 silly audit   deepmerge: [ '4.3.1' ],
267 silly audit   'default-browser': [ '5.5.0' ],
267 silly audit   'default-browser-id': [ '5.0.1' ],
267 silly audit   'define-data-property': [ '1.1.4' ],
267 silly audit   'define-lazy-prop': [ '3.0.0' ],
267 silly audit   'define-properties': [ '1.2.1' ],
267 silly audit   'delayed-stream': [ '1.0.0' ],
267 silly audit   depd: [ '2.0.0' ],
267 silly audit   'detect-libc': [ '2.1.2' ],
267 silly audit   'detect-node-es': [ '1.1.0' ],
267 silly audit   diff: [ '8.0.4' ],
267 silly audit   doctrine: [ '2.1.0' ],
267 silly audit   'dom-to-image-more': [ '3.7.2' ],
267 silly audit   dompurify: [ '3.4.2' ],
267 silly audit   dotenv: [ '17.4.2' ],
267 silly audit   'dunder-proto': [ '1.0.1' ],
267 silly audit   eciesjs: [ '0.4.18' ],
267 silly audit   'ee-first': [ '1.1.1' ],
267 silly audit   'electron-to-chromium': [ '1.5.352' ],
267 silly audit   encodeurl: [ '2.0.0' ],
267 silly audit   'enhanced-resolve': [ '5.21.0' ],
267 silly audit   'env-paths': [ '2.2.1' ],
267 silly audit   'error-ex': [ '1.3.4' ],
267 silly audit   'es-abstract': [ '1.24.2' ],
267 silly audit   'es-define-property': [ '1.0.1' ],
267 silly audit   'es-errors': [ '1.3.0' ],
267 silly audit   'es-iterator-helpers': [ '1.3.2' ],
267 silly audit   'es-object-atoms': [ '1.1.1' ],
267 silly audit   'es-set-tostringtag': [ '2.1.0' ],
267 silly audit   'es-shim-unscopables': [ '1.1.0' ],
267 silly audit   'es-to-primitive': [ '1.3.0' ],
267 silly audit   'es-toolkit': [ '1.46.1' ],
267 silly audit   escalade: [ '3.2.0' ],
267 silly audit   'escape-html': [ '1.0.3' ],
267 silly audit   'escape-string-regexp': [ '4.0.0' ],
267 silly audit   eslint: [ '9.39.4' ],
267 silly audit   'eslint-config-next': [ '16.2.5' ],
267 silly audit   globals: [ '16.4.0', '14.0.0' ],
267 silly audit   'eslint-import-resolver-node': [ '0.3.10' ],
267 silly audit   'eslint-import-resolver-typescript': [ '3.10.1' ],
267 silly audit   'eslint-module-utils': [ '2.12.1' ],
267 silly audit   'eslint-plugin-import': [ '2.32.0' ],
267 silly audit   'eslint-plugin-jsx-a11y': [ '6.10.2' ],
267 silly audit   'eslint-plugin-react': [ '7.37.5' ],
267 silly audit   'eslint-plugin-react-hooks': [ '7.1.1' ],
267 silly audit   'eslint-scope': [ '8.4.0' ],
267 silly audit   espree: [ '10.4.0' ],
267 silly audit   esprima: [ '4.0.1' ],
267 silly audit   esquery: [ '1.7.0' ],
267 silly audit   esrecurse: [ '4.3.0' ],
267 silly audit   estraverse: [ '5.3.0' ],
267 silly audit   esutils: [ '2.0.3' ],
267 silly audit   etag: [ '1.8.1' ],
267 silly audit   eventemitter3: [ '5.0.4' ],
267 silly audit   eventsource: [ '3.0.7' ],
267 silly audit   'eventsource-parser': [ '3.0.8' ],
267 silly audit   express: [ '5.2.1' ],
267 silly audit   'express-rate-limit': [ '8.5.1' ],
267 silly audit   'fast-deep-equal': [ '3.1.3' ],
267 silly audit   'fast-equals': [ '4.0.3' ],
267 silly audit   'fast-json-stable-stringify': [ '2.1.0' ],
267 silly audit   'fast-levenshtein': [ '2.0.6' ],
267 silly audit   'fast-png': [ '6.4.0' ],
267 silly audit   'fast-string-truncated-width': [ '3.0.3' ],
267 silly audit   'fast-string-width': [ '3.0.2' ],
267 silly audit   'fast-uri': [ '3.1.2' ],
267 silly audit   'fast-wrap-ansi': [ '0.2.0' ],
267 silly audit   fastq: [ '1.20.1' ],
267 silly audit   'fetch-blob': [ '3.2.0' ],
267 silly audit   fflate: [ '0.8.2' ],
267 silly audit   figures: [ '6.1.0' ],
267 silly audit   'file-entry-cache': [ '8.0.0' ],
267 silly audit   'fill-range': [ '7.1.1' ],
267 silly audit   finalhandler: [ '2.1.1' ],
267 silly audit   'find-up': [ '5.0.0' ],
267 silly audit   'flat-cache': [ '4.0.1' ],
267 silly audit   flatted: [ '3.4.2' ],
267 silly audit   'follow-redirects': [ '1.16.0' ],
267 silly audit   'for-each': [ '0.3.5' ],
267 silly audit   'form-data': [ '4.0.5' ],
267 silly audit   'mime-db': [ '1.52.0', '1.54.0' ],
267 silly audit   'mime-types': [ '2.1.35', '3.0.2' ],
267 silly audit   'formdata-polyfill': [ '4.0.10' ],
267 silly audit   forwarded: [ '0.2.0' ],
267 silly audit   fresh: [ '2.0.0' ],
267 silly audit   'fs-extra': [ '11.3.5' ],
267 silly audit   'function-bind': [ '1.1.2' ],
267 silly audit   'function.prototype.name': [ '1.1.8' ],
267 silly audit   'functions-have-names': [ '1.2.3' ],
267 silly audit   fuzzysort: [ '3.1.0' ],
267 silly audit   'generator-function': [ '2.0.1' ],
267 silly audit   gensync: [ '1.0.0-beta.2' ],
267 silly audit   'get-caller-file': [ '2.0.5' ],
267 silly audit   'get-east-asian-width': [ '1.5.0' ],
267 silly audit   'get-intrinsic': [ '1.3.0' ],
267 silly audit   'get-nonce': [ '1.0.1' ],
267 silly audit   'get-own-enumerable-keys': [ '1.0.0' ],
267 silly audit   'get-proto': [ '1.0.1' ],
267 silly audit   'get-symbol-description': [ '1.1.0' ],
267 silly audit   'get-tsconfig': [ '4.14.0' ],
267 silly audit   globalthis: [ '1.0.4' ],
267 silly audit   gopd: [ '1.2.0' ],
267 silly audit   'graceful-fs': [ '4.2.11' ],
267 silly audit   graphql: [ '16.14.0' ],
267 silly audit   'has-bigints': [ '1.1.0' ],
267 silly audit   'has-flag': [ '4.0.0' ],
267 silly audit   'has-property-descriptors': [ '1.0.2' ],
267 silly audit   'has-proto': [ '1.2.0' ],
267 silly audit   'has-symbols': [ '1.1.0' ],
267 silly audit   'has-tostringtag': [ '1.0.2' ],
267 silly audit   hasown: [ '2.0.3' ],
267 silly audit   'headers-polyfill': [ '5.0.1' ],
267 silly audit   'hermes-estree': [ '0.25.1' ],
267 silly audit   'hermes-parser': [ '0.25.1' ],
267 silly audit   hono: [ '4.12.18' ],
267 silly audit   html2canvas: [ '1.4.1' ],
267 silly audit   'http-errors': [ '2.0.1' ],
267 silly audit   'https-proxy-agent': [ '7.0.6' ],
267 silly audit   'iconv-lite': [ '0.7.2' ],
267 silly audit   'import-fresh': [ '3.3.1' ],
267 silly audit   imurmurhash: [ '0.1.4' ],
267 silly audit   inherits: [ '2.0.4' ],
267 silly audit   'internal-slot': [ '1.1.0' ],
267 silly audit   internmap: [ '2.0.3' ],
267 silly audit   'intro.js': [ '8.3.2' ],
267 silly audit   iobuffer: [ '5.4.0' ],
267 silly audit   'ip-address': [ '10.2.0' ],
267 silly audit   'ipaddr.js': [ '1.9.1' ],
267 silly audit   'is-array-buffer': [ '3.0.5' ],
267 silly audit   'is-arrayish': [ '0.2.1' ],
267 silly audit   'is-async-function': [ '2.1.1' ],
267 silly audit   'is-bigint': [ '1.1.0' ],
267 silly audit   'is-boolean-object': [ '1.2.2' ],
267 silly audit   'is-bun-module': [ '2.0.0' ],
267 silly audit   'is-callable': [ '1.2.7' ],
267 silly audit   'is-core-module': [ '2.16.2' ],
267 silly audit   'is-data-view': [ '1.0.2' ],
267 silly audit   'is-date-object': [ '1.1.0' ],
267 silly audit   'is-docker': [ '3.0.0' ],
267 silly audit   'is-extglob': [ '2.1.1' ],
267 silly audit   'is-finalizationregistry': [ '1.1.1' ],
267 silly audit   'is-fullwidth-code-point': [ '3.0.0' ],
267 silly audit   'is-generator-function': [ '1.1.2' ],
267 silly audit   'is-glob': [ '4.0.3' ],
267 silly audit   'is-in-ssh': [ '1.0.0' ],
267 silly audit   'is-inside-container': [ '1.0.0' ],
267 silly audit   'is-interactive': [ '2.0.0' ],
267 silly audit   'is-map': [ '2.0.3' ],
267 silly audit   'is-negative-zero': [ '2.0.3' ],
267 silly audit   'is-node-process': [ '1.2.0' ],
267 silly audit   'is-number': [ '7.0.0' ],
267 silly audit   'is-number-object': [ '1.1.1' ],
267 silly audit   'is-obj': [ '3.0.0' ],
267 silly audit   'is-plain-obj': [ '4.1.0' ],
267 silly audit   'is-promise': [ '4.0.0' ],
267 silly audit   'is-regex': [ '1.2.1' ],
267 silly audit   'is-regexp': [ '3.1.0' ],
267 silly audit   'is-set': [ '2.0.3' ],
267 silly audit   'is-shared-array-buffer': [ '1.0.4' ],
267 silly audit   'is-string': [ '1.1.1' ],
267 silly audit   'is-symbol': [ '1.1.1' ],
267 silly audit   'is-typed-array': [ '1.1.15' ],
267 silly audit   'is-unicode-supported': [ '2.1.0', '1.3.0' ],
267 silly audit   'is-weakmap': [ '2.0.2' ],
267 silly audit   'is-weakref': [ '1.1.1' ],
267 silly audit   'is-weakset': [ '2.0.4' ],
267 silly audit   'is-wsl': [ '3.1.1' ],
267 silly audit   isarray: [ '2.0.5' ],
267 silly audit   'iterator.prototype': [ '1.1.5' ],
267 silly audit   jiti: [ '2.7.0' ],
267 silly audit   'js-tokens': [ '4.0.0' ],
267 silly audit   'js-yaml': [ '4.1.1' ],
267 silly audit   jsesc: [ '3.1.0' ],
267 silly audit   'json-buffer': [ '3.0.1' ],
267 silly audit   'json-parse-even-better-errors': [ '2.3.1' ],
267 silly audit   'json-schema-typed': [ '8.0.2' ],
267 silly audit   'json-stable-stringify-without-jsonify': [ '1.0.1' ],
267 silly audit   json5: [ '2.2.3', '1.0.2' ],
267 silly audit   jsonfile: [ '6.2.1' ],
267 silly audit   jspdf: [ '4.2.1' ],
267 silly audit   'jsx-ast-utils': [ '3.3.5' ],
267 silly audit   keyv: [ '4.5.4' ],
267 silly audit   kleur: [ '4.1.5', '3.0.3' ],
267 silly audit   'language-subtag-registry': [ '0.3.23' ],
267 silly audit   'language-tags': [ '1.0.9' ],
267 silly audit   levn: [ '0.4.1' ],
267 silly audit   lightningcss: [ '1.32.0' ],
267 silly audit   'lightningcss-android-arm64': [ '1.32.0' ],
267 silly audit   'lightningcss-darwin-arm64': [ '1.32.0' ],
267 silly audit   'lightningcss-darwin-x64': [ '1.32.0' ],
267 silly audit   'lightningcss-freebsd-x64': [ '1.32.0' ],
267 silly audit   'lightningcss-linux-arm-gnueabihf': [ '1.32.0' ],
267 silly audit   'lightningcss-linux-arm64-gnu': [ '1.32.0' ],
267 silly audit   'lightningcss-linux-arm64-musl': [ '1.32.0' ],
267 silly audit   'lightningcss-linux-x64-gnu': [ '1.32.0' ],
267 silly audit   'lightningcss-linux-x64-musl': [ '1.32.0' ],
267 silly audit   'lightningcss-win32-arm64-msvc': [ '1.32.0' ],
267 silly audit   'lightningcss-win32-x64-msvc': [ '1.32.0' ],
267 silly audit   'lines-and-columns': [ '1.2.4' ],
267 silly audit   'locate-path': [ '6.0.0' ],
267 silly audit   'lodash.merge': [ '4.6.2' ],
267 silly audit   'log-symbols': [ '6.0.0' ],
267 silly audit   'loose-envify': [ '1.4.0' ],
267 silly audit   'lru-cache': [ '5.1.1', '6.0.0' ],
267 silly audit   'lucide-react': [ '1.14.0' ],
267 silly audit   'magic-string': [ '0.30.21' ],
267 silly audit   'math-intrinsics': [ '1.1.0' ],
267 silly audit   'media-typer': [ '1.1.0' ],
267 silly audit   'merge-descriptors': [ '2.0.0' ],
267 silly audit   'merge-stream': [ '2.0.0' ],
267 silly audit   merge2: [ '1.4.1' ],
267 silly audit   micromatch: [ '4.0.8' ],
267 silly audit   'mimic-fn': [ '2.1.0' ],
267 silly audit   'mimic-function': [ '5.0.1' ],
267 silly audit   minimist: [ '1.2.8' ],
267 silly audit   ms: [ '2.1.3' ],
267 silly audit   msw: [ '2.14.5' ],
267 silly audit   'mute-stream': [ '3.0.0' ],
267 silly audit   nanoid: [ '3.3.12' ],
267 silly audit   'napi-postinstall': [ '0.3.4' ],
267 silly audit   'natural-compare': [ '1.4.0' ],
267 silly audit   negotiator: [ '1.0.0' ],
267 silly audit   next: [ '16.2.5' ],
267 silly audit   'next-auth': [ '4.24.14' ],
267 silly audit   'next-themes': [ '0.4.6' ],
267 silly audit   postcss: [ '8.4.31', '8.5.14' ],
267 silly audit   'node-domexception': [ '1.0.0' ],
267 silly audit   'node-exports-info': [ '1.6.0' ],
267 silly audit   'node-fetch': [ '3.3.2' ],
267 silly audit   'node-releases': [ '2.0.38' ],
267 silly audit   'path-key': [ '4.0.0', '3.1.1' ],
267 silly audit   oauth: [ '0.9.15' ],
267 silly audit   'object-assign': [ '4.1.1' ],
267 silly audit   'object-hash': [ '2.2.0' ],
267 silly audit   'object-inspect': [ '1.13.4' ],
267 silly audit   'object-keys': [ '1.1.1' ],
267 silly audit   'object-treeify': [ '1.1.33' ],
267 silly audit   'object.assign': [ '4.1.7' ],
267 silly audit   'object.entries': [ '1.1.9' ],
267 silly audit   'object.fromentries': [ '2.0.8' ],
267 silly audit   'object.groupby': [ '1.0.3' ],
267 silly audit   'object.values': [ '1.2.1' ],
267 silly audit   'oidc-token-hash': [ '5.2.0' ],
267 silly audit   'on-finished': [ '2.4.1' ],
267 silly audit   once: [ '1.4.0' ],
267 silly audit   open: [ '11.0.0' ],
267 silly audit   'openid-client': [ '5.7.1' ],
267 silly audit   yallist: [ '4.0.0', '3.1.1' ],
267 silly audit   optionator: [ '0.9.4' ],
267 silly audit   ora: [ '8.2.0' ],
267 silly audit   outvariant: [ '1.4.3' ],
267 silly audit   'own-keys': [ '1.0.1' ],
267 silly audit   'p-limit': [ '3.1.0' ],
267 silly audit   'p-locate': [ '5.0.0' ],
267 silly audit   pako: [ '2.1.0' ],
267 silly audit   'parent-module': [ '1.0.1' ],
267 silly audit   'parse-json': [ '5.2.0' ],
267 silly audit   'parse-ms': [ '4.0.0' ],
267 silly audit   parseurl: [ '1.3.3' ],
267 silly audit   'path-browserify': [ '1.0.1' ],
267 silly audit   'path-exists': [ '4.0.0' ],
267 silly audit   'path-parse': [ '1.0.7' ],
267 silly audit   'path-to-regexp': [ '6.3.0', '8.4.2' ],
267 silly audit   'performance-now': [ '2.1.0' ],
267 silly audit   picocolors: [ '1.1.1' ],
267 silly audit   'pkce-challenge': [ '5.0.1' ],
267 silly audit   'possible-typed-array-names': [ '1.1.0' ],
267 silly audit   'postcss-selector-parser': [ '7.1.1' ],
267 silly audit   'powershell-utils': [ '0.1.0' ],
267 silly audit   preact: [ '10.29.1' ],
267 silly audit   'preact-render-to-string': [ '5.2.6' ],
267 silly audit   'prelude-ls': [ '1.2.1' ],
267 silly audit   'pretty-format': [ '3.8.0' ],
267 silly audit   'pretty-ms': [ '9.3.0' ],
267 silly audit   prompts: [ '2.4.2' ],
267 silly audit   'prop-types': [ '15.8.1' ],
267 silly audit   'proxy-addr': [ '2.0.7' ],
267 silly audit   'proxy-from-env': [ '2.1.0' ],
267 silly audit   punycode: [ '2.3.1' ],
267 silly audit   qs: [ '6.15.1' ],
267 silly audit   'queue-microtask': [ '1.2.3' ],
267 silly audit   'radix-ui': [ '1.4.3' ],
267 silly audit   raf: [ '3.4.1' ],
267 silly audit   'range-parser': [ '1.2.1' ],
267 silly audit   'raw-body': [ '3.0.2' ],
267 silly audit   react: [ '19.2.4' ],
267 silly audit   'react-dom': [ '19.2.4' ],
267 silly audit   'react-draggable': [ '4.5.0' ],
267 silly audit   'react-grid-layout': [ '2.2.3' ],
267 silly audit   'react-hook-form': [ '7.75.0' ],
267 silly audit   'react-is': [ '16.13.1' ],
267 silly audit   'react-redux': [ '9.2.0' ],
267 silly audit   'react-remove-scroll': [ '2.7.2' ],
267 silly audit   'react-remove-scroll-bar': [ '2.3.8' ],
267 silly audit   'react-resizable': [ '3.1.3' ],
267 silly audit   'react-style-singleton': [ '2.2.3' ],
267 silly audit   recast: [ '0.23.11' ],
267 silly audit   recharts: [ '3.8.1' ],
267 silly audit   redux: [ '5.0.1' ],
267 silly audit   'redux-thunk': [ '3.1.0' ],
267 silly audit   'reflect.getprototypeof': [ '1.0.10' ],
267 silly audit   'regenerator-runtime': [ '0.13.11' ],
267 silly audit   'regexp.prototype.flags': [ '1.5.4' ],
267 silly audit   'require-directory': [ '2.1.1' ],
267 silly audit   'require-from-string': [ '2.0.2' ],
267 silly audit   reselect: [ '5.1.1' ],
267 silly audit   'resize-observer-polyfill': [ '1.5.1' ],
267 silly audit   resolve: [ '2.0.0-next.6' ],
267 silly audit   'resolve-from': [ '4.0.0' ],
267 silly audit   'resolve-pkg-maps': [ '1.0.0' ],
267 silly audit   'restore-cursor': [ '5.1.0' ],
267 silly audit   rettime: [ '0.11.11' ],
267 silly audit   reusify: [ '1.1.0' ],
267 silly audit   rgbcolor: [ '1.0.1' ],
267 silly audit   router: [ '2.2.0' ],
267 silly audit   'run-applescript': [ '7.1.0' ],
267 silly audit   'run-parallel': [ '1.2.0' ],
267 silly audit   'safe-array-concat': [ '1.1.4' ],
267 silly audit   'safe-push-apply': [ '1.0.0' ],
267 silly audit   'safe-regex-test': [ '1.1.0' ],
267 silly audit   'safer-buffer': [ '2.1.2' ],
267 silly audit   scheduler: [ '0.27.0' ],
267 silly audit   send: [ '1.2.1' ],
267 silly audit   'serve-static': [ '2.2.1' ],
267 silly audit   'set-cookie-parser': [ '3.1.0' ],
267 silly audit   'set-function-length': [ '1.2.2' ],
267 silly audit   'set-function-name': [ '2.0.2' ],
267 silly audit   'set-proto': [ '1.0.0' ],
267 silly audit   setprototypeof: [ '1.2.0' ],
267 silly audit   shadcn: [ '4.7.0' ],
267 silly audit   'tsconfig-paths': [ '4.2.0', '3.15.0' ],
267 silly audit   zod: [ '3.25.76', '4.4.3' ],
267 silly audit   sharp: [ '0.34.5' ],
267 silly audit   'shebang-command': [ '2.0.0' ],
267 silly audit   'shebang-regex': [ '3.0.0' ],
267 silly audit   'side-channel': [ '1.1.0' ],
267 silly audit   'side-channel-list': [ '1.0.1' ],
267 silly audit   'side-channel-map': [ '1.0.1' ],
267 silly audit   'side-channel-weakmap': [ '1.0.2' ],
267 silly audit   sisteransi: [ '1.0.5' ],
267 silly audit   sonner: [ '2.0.7' ],
267 silly audit   'source-map': [ '0.6.1' ],
267 silly audit   'source-map-js': [ '1.2.1' ],
267 silly audit   'stable-hash': [ '0.0.5' ],
267 silly audit   'stackblur-canvas': [ '2.7.0' ],
267 silly audit   statuses: [ '2.0.2' ],
267 silly audit   'stdin-discarder': [ '0.2.2' ],
267 silly audit   'stop-iteration-iterator': [ '1.1.0' ],
267 silly audit   'strict-event-emitter': [ '0.5.1' ],
267 silly audit   'string.prototype.includes': [ '2.0.1' ],
267 silly audit   'string.prototype.matchall': [ '4.0.12' ],
267 silly audit   'string.prototype.repeat': [ '1.0.0' ],
267 silly audit   'string.prototype.trim': [ '1.2.10' ],
267 silly audit   'string.prototype.trimend': [ '1.0.9' ],
267 silly audit   'string.prototype.trimstart': [ '1.0.8' ],
267 silly audit   'stringify-object': [ '5.0.0' ],
267 silly audit   'strip-bom': [ '3.0.0' ],
267 silly audit   'strip-json-comments': [ '3.1.1' ],
267 silly audit   'styled-jsx': [ '5.1.6' ],
267 silly audit   'supports-color': [ '7.2.0' ],
267 silly audit   'supports-preserve-symlinks-flag': [ '1.0.0' ],
267 silly audit   'svg-pathdata': [ '6.0.3' ],
267 silly audit   'tagged-tag': [ '1.0.0' ],
267 silly audit   'tailwind-merge': [ '3.5.0' ],
267 silly audit   tailwindcss: [ '4.2.4' ],
267 silly audit   tapable: [ '2.3.3' ],
267 silly audit   'text-segmentation': [ '1.0.3' ],
267 silly audit   'tiny-invariant': [ '1.3.3' ],
267 silly audit   tinyglobby: [ '0.2.16' ],
267 silly audit   tldts: [ '7.0.30' ],
267 silly audit   'tldts-core': [ '7.0.30' ],
267 silly audit   'to-regex-range': [ '5.0.1' ],
267 silly audit   toidentifier: [ '1.0.1' ],
267 silly audit   'topojson-client': [ '3.1.0' ],
267 silly audit   'tough-cookie': [ '6.0.1' ],
267 silly audit   'ts-api-utils': [ '2.5.0' ],
267 silly audit   'ts-morph': [ '26.0.0' ],
267 silly audit   tslib: [ '2.8.1' ],
267 silly audit   'tw-animate-css': [ '1.4.0' ],
267 silly audit   'type-check': [ '0.4.0' ],
267 silly audit   'type-fest': [ '5.6.0' ],
267 silly audit   'type-is': [ '2.0.1' ],
267 silly audit   'typed-array-buffer': [ '1.0.3' ],
267 silly audit   'typed-array-byte-length': [ '1.0.3' ],
267 silly audit   'typed-array-byte-offset': [ '1.0.4' ],
267 silly audit   'typed-array-length': [ '1.0.7' ],
267 silly audit   typescript: [ '5.9.3' ],
267 silly audit   'typescript-eslint': [ '8.59.2' ],
267 silly audit   'unbox-primitive': [ '1.1.0' ],
267 silly audit   'undici-types': [ '6.21.0' ],
267 silly audit   'unicorn-magic': [ '0.3.0' ],
267 silly audit   universalify: [ '2.0.1' ],
267 silly audit   unpipe: [ '1.0.0' ],
267 silly audit   'unrs-resolver': [ '1.11.1' ],
267 silly audit   'until-async': [ '3.0.2' ],
267 silly audit   'update-browserslist-db': [ '1.2.3' ],
267 silly audit   'uri-js': [ '4.4.1' ],
267 silly audit   'use-callback-ref': [ '1.3.3' ],
267 silly audit   'use-sidecar': [ '1.1.3' ],
267 silly audit   'use-sync-external-store': [ '1.6.0' ],
267 silly audit   'util-deprecate': [ '1.0.2' ],
267 silly audit   utrie: [ '1.0.2' ],
267 silly audit   uuid: [ '8.3.2' ],
267 silly audit   'validate-npm-package-name': [ '7.0.2' ],
267 silly audit   vary: [ '1.1.2' ],
267 silly audit   'victory-vendor': [ '37.3.6' ],
267 silly audit   'web-streams-polyfill': [ '3.3.3' ],
267 silly audit   'which-boxed-primitive': [ '1.1.1' ],
267 silly audit   'which-builtin-type': [ '1.2.1' ],
267 silly audit   'which-collection': [ '1.0.2' ],
267 silly audit   'which-typed-array': [ '1.1.20' ],
267 silly audit   'word-wrap': [ '1.2.5' ],
267 silly audit   'wrap-ansi': [ '7.0.0' ],
267 silly audit   wrappy: [ '1.0.2' ],
267 silly audit   'wsl-utils': [ '0.3.1' ],
267 silly audit   y18n: [ '5.0.8' ],
267 silly audit   yargs: [ '17.7.2' ],
267 silly audit   'yargs-parser': [ '21.1.1' ],
267 silly audit   'yocto-queue': [ '0.1.0' ],
267 silly audit   'yocto-spinner': [ '1.2.0' ],
267 silly audit   yoctocolors: [ '2.1.2' ],
267 silly audit   'zod-to-json-schema': [ '3.25.2' ],
267 silly audit   'zod-validation-error': [ '4.0.2' ],
267 silly audit   zustand: [ '5.0.13' ],
267 silly audit   'next-intl': [ '4.11.2' ],
267 silly audit   '@formatjs/intl-localematcher': [ '0.8.7' ],
267 silly audit   '@parcel/watcher': [ '2.5.6' ],
267 silly audit   '@swc/core': [ '1.15.33' ],
267 silly audit   'icu-minify': [ '4.11.2' ],
267 silly audit   'next-intl-swc-plugin-extractor': [ '4.11.2' ],
267 silly audit   'po-parser': [ '2.1.1' ],
267 silly audit   'use-intl': [ '4.11.2' ],
267 silly audit   '@formatjs/fast-memoize': [ '3.1.5' ],
267 silly audit   '@parcel/watcher-android-arm64': [ '2.5.6' ],
267 silly audit   '@parcel/watcher-darwin-arm64': [ '2.5.6' ],
267 silly audit   '@parcel/watcher-darwin-x64': [ '2.5.6' ],
267 silly audit   '@parcel/watcher-freebsd-x64': [ '2.5.6' ],
267 silly audit   '@parcel/watcher-linux-arm-glibc': [ '2.5.6' ],
267 silly audit   '@parcel/watcher-linux-arm-musl': [ '2.5.6' ],
267 silly audit   '@parcel/watcher-linux-arm64-glibc': [ '2.5.6' ],
267 silly audit   '@parcel/watcher-linux-arm64-musl': [ '2.5.6' ],
267 silly audit   '@parcel/watcher-linux-x64-glibc': [ '2.5.6' ],
267 silly audit   '@parcel/watcher-linux-x64-musl': [ '2.5.6' ],
267 silly audit   '@parcel/watcher-win32-arm64': [ '2.5.6' ],
267 silly audit   '@parcel/watcher-win32-ia32': [ '2.5.6' ],
267 silly audit   '@parcel/watcher-win32-x64': [ '2.5.6' ],
267 silly audit   'node-addon-api': [ '7.1.1' ],
267 silly audit   '@formatjs/icu-messageformat-parser': [ '3.5.8' ],
267 silly audit   '@formatjs/icu-skeleton-parser': [ '2.1.8' ],
267 silly audit   '@schummar/icu-type-parser': [ '1.21.5' ],
267 silly audit   'intl-messageformat': [ '11.2.5' ],
267 silly audit   '@swc/core-darwin-arm64': [ '1.15.33' ],
267 silly audit   '@swc/core-darwin-x64': [ '1.15.33' ],
267 silly audit   '@swc/core-linux-arm-gnueabihf': [ '1.15.33' ],
267 silly audit   '@swc/core-linux-arm64-gnu': [ '1.15.33' ],
267 silly audit   '@swc/core-linux-arm64-musl': [ '1.15.33' ],
267 silly audit   '@swc/core-linux-ppc64-gnu': [ '1.15.33' ],
267 silly audit   '@swc/core-linux-s390x-gnu': [ '1.15.33' ],
267 silly audit   '@swc/core-linux-x64-gnu': [ '1.15.33' ],
267 silly audit   '@swc/core-linux-x64-musl': [ '1.15.33' ],
267 silly audit   '@swc/core-win32-arm64-msvc': [ '1.15.33' ],
267 silly audit   '@swc/core-win32-ia32-msvc': [ '1.15.33' ],
267 silly audit   '@swc/core-win32-x64-msvc': [ '1.15.33' ],
267 silly audit   '@swc/counter': [ '0.1.3' ],
267 silly audit   '@swc/types': [ '0.1.26' ]
267 silly audit }
268 http cache @swc/core-darwin-arm64@https://registry.npmjs.org/@swc/core-darwin-arm64/-/core-darwin-arm64-1.15.33.tgz 0ms (cache hit)
269 http cache @swc/counter@https://registry.npmjs.org/@swc/counter/-/counter-0.1.3.tgz 0ms (cache hit)
270 http cache intl-messageformat@https://registry.npmjs.org/intl-messageformat/-/intl-messageformat-11.2.5.tgz 0ms (cache hit)
271 http cache @swc/types@https://registry.npmjs.org/@swc/types/-/types-0.1.26.tgz 0ms (cache hit)
272 http cache @schummar/icu-type-parser@https://registry.npmjs.org/@schummar/icu-type-parser/-/icu-type-parser-1.21.5.tgz 0ms (cache hit)
273 http cache @formatjs/icu-skeleton-parser@https://registry.npmjs.org/@formatjs/icu-skeleton-parser/-/icu-skeleton-parser-2.1.8.tgz 0ms (cache hit)
274 http cache @parcel/watcher-darwin-arm64@https://registry.npmjs.org/@parcel/watcher-darwin-arm64/-/watcher-darwin-arm64-2.5.6.tgz 0ms (cache hit)
275 http cache use-intl@https://registry.npmjs.org/use-intl/-/use-intl-4.11.2.tgz 0ms (cache hit)
276 http cache @formatjs/fast-memoize@https://registry.npmjs.org/@formatjs/fast-memoize/-/fast-memoize-3.1.5.tgz 0ms (cache hit)
277 http cache node-addon-api@https://registry.npmjs.org/node-addon-api/-/node-addon-api-7.1.1.tgz 0ms (cache hit)
278 http cache @formatjs/icu-messageformat-parser@https://registry.npmjs.org/@formatjs/icu-messageformat-parser/-/icu-messageformat-parser-3.5.8.tgz 0ms (cache hit)
279 http cache @parcel/watcher@https://registry.npmjs.org/@parcel/watcher/-/watcher-2.5.6.tgz 0ms (cache hit)
280 http cache @formatjs/intl-localematcher@https://registry.npmjs.org/@formatjs/intl-localematcher/-/intl-localematcher-0.8.7.tgz 0ms (cache hit)
281 http cache po-parser@https://registry.npmjs.org/po-parser/-/po-parser-2.1.1.tgz 0ms (cache hit)
282 http cache next-intl@https://registry.npmjs.org/next-intl/-/next-intl-4.11.2.tgz 0ms (cache hit)
283 silly tarball no local data for @swc/core-darwin-arm64@https://registry.npmjs.org/@swc/core-darwin-arm64/-/core-darwin-arm64-1.15.33.tgz. Extracting by manifest.
284 silly tarball no local data for @swc/counter@https://registry.npmjs.org/@swc/counter/-/counter-0.1.3.tgz. Extracting by manifest.
285 silly tarball no local data for intl-messageformat@https://registry.npmjs.org/intl-messageformat/-/intl-messageformat-11.2.5.tgz. Extracting by manifest.
286 http cache @swc/core@https://registry.npmjs.org/@swc/core/-/core-1.15.33.tgz 0ms (cache hit)
287 silly tarball no local data for @swc/types@https://registry.npmjs.org/@swc/types/-/types-0.1.26.tgz. Extracting by manifest.
288 silly tarball no local data for @schummar/icu-type-parser@https://registry.npmjs.org/@schummar/icu-type-parser/-/icu-type-parser-1.21.5.tgz. Extracting by manifest.
289 silly tarball no local data for @formatjs/icu-skeleton-parser@https://registry.npmjs.org/@formatjs/icu-skeleton-parser/-/icu-skeleton-parser-2.1.8.tgz. Extracting by manifest.
290 http cache next-intl-swc-plugin-extractor@https://registry.npmjs.org/next-intl-swc-plugin-extractor/-/next-intl-swc-plugin-extractor-4.11.2.tgz 0ms (cache hit)
291 http cache icu-minify@https://registry.npmjs.org/icu-minify/-/icu-minify-4.11.2.tgz 0ms (cache hit)
292 http cache picomatch@https://registry.npmjs.org/picomatch/-/picomatch-4.0.4.tgz 0ms (cache hit)
293 silly tarball no local data for @parcel/watcher-darwin-arm64@https://registry.npmjs.org/@parcel/watcher-darwin-arm64/-/watcher-darwin-arm64-2.5.6.tgz. Extracting by manifest.
294 silly tarball no local data for use-intl@https://registry.npmjs.org/use-intl/-/use-intl-4.11.2.tgz. Extracting by manifest.
295 silly tarball no local data for @formatjs/fast-memoize@https://registry.npmjs.org/@formatjs/fast-memoize/-/fast-memoize-3.1.5.tgz. Extracting by manifest.
296 silly tarball no local data for node-addon-api@https://registry.npmjs.org/node-addon-api/-/node-addon-api-7.1.1.tgz. Extracting by manifest.
297 silly tarball no local data for @formatjs/icu-messageformat-parser@https://registry.npmjs.org/@formatjs/icu-messageformat-parser/-/icu-messageformat-parser-3.5.8.tgz. Extracting by manifest.
298 silly tarball no local data for @parcel/watcher@https://registry.npmjs.org/@parcel/watcher/-/watcher-2.5.6.tgz. Extracting by manifest.
299 silly tarball no local data for @formatjs/intl-localematcher@https://registry.npmjs.org/@formatjs/intl-localematcher/-/intl-localematcher-0.8.7.tgz. Extracting by manifest.
300 silly tarball no local data for po-parser@https://registry.npmjs.org/po-parser/-/po-parser-2.1.1.tgz. Extracting by manifest.
301 silly tarball no local data for next-intl@https://registry.npmjs.org/next-intl/-/next-intl-4.11.2.tgz. Extracting by manifest.
302 silly tarball no local data for @swc/core@https://registry.npmjs.org/@swc/core/-/core-1.15.33.tgz. Extracting by manifest.
303 silly tarball no local data for next-intl-swc-plugin-extractor@https://registry.npmjs.org/next-intl-swc-plugin-extractor/-/next-intl-swc-plugin-extractor-4.11.2.tgz. Extracting by manifest.
304 silly tarball no local data for icu-minify@https://registry.npmjs.org/icu-minify/-/icu-minify-4.11.2.tgz. Extracting by manifest.
305 silly tarball no local data for picomatch@https://registry.npmjs.org/picomatch/-/picomatch-4.0.4.tgz. Extracting by manifest.
306 http fetch GET 200 https://registry.npmjs.org/@swc/types/-/types-0.1.26.tgz 67ms (cache miss)
307 http fetch GET 200 https://registry.npmjs.org/@schummar/icu-type-parser/-/icu-type-parser-1.21.5.tgz 73ms (cache miss)
308 http fetch GET 200 https://registry.npmjs.org/intl-messageformat/-/intl-messageformat-11.2.5.tgz 79ms (cache miss)
309 http fetch GET 200 https://registry.npmjs.org/@swc/counter/-/counter-0.1.3.tgz 87ms (cache miss)
310 http fetch GET 200 https://registry.npmjs.org/icu-minify/-/icu-minify-4.11.2.tgz 177ms (cache miss)
311 http fetch GET 200 https://registry.npmjs.org/@swc/core/-/core-1.15.33.tgz 186ms (cache miss)
312 http fetch POST 200 https://registry.npmjs.org/-/npm/v1/security/advisories/bulk 437ms
313 silly audit report {
313 silly audit report   next: [
313 silly audit report     {
313 silly audit report       id: 1117979,
313 silly audit report       url: 'https://github.com/advisories/GHSA-26hh-7cqf-hhc6',
313 silly audit report       title: 'Next.js has a Middleware / Proxy bypass in App Router applications via segment-prefetch routes - Incomplete Fix Follow-Up',
313 silly audit report       severity: 'high',
313 silly audit report       vulnerable_versions: '>=16.0.0 <16.2.6',
313 silly audit report       cwe: [Array],
313 silly audit report       cvss: [Object]
313 silly audit report     }
313 silly audit report   ],
313 silly audit report   postcss: [
313 silly audit report     {
313 silly audit report       id: 1117015,
313 silly audit report       url: 'https://github.com/advisories/GHSA-qx2v-qp2m-jg93',
313 silly audit report       title: 'PostCSS has XSS via Unescaped </style> in its CSS Stringify Output',
313 silly audit report       severity: 'moderate',
313 silly audit report       vulnerable_versions: '<8.5.10',
313 silly audit report       cwe: [Array],
313 silly audit report       cvss: [Object]
313 silly audit report     }
313 silly audit report   ]
313 silly audit report }
314 silly packumentCache corgi:https://registry.npmjs.org/next cache-miss
315 silly packumentCache corgi:https://registry.npmjs.org/postcss cache-miss
316 http fetch GET 200 https://registry.npmjs.org/po-parser/-/po-parser-2.1.1.tgz 431ms (cache miss)
317 http fetch GET 200 https://registry.npmjs.org/@formatjs/icu-skeleton-parser/-/icu-skeleton-parser-2.1.8.tgz 447ms (cache miss)
318 http fetch GET 200 https://registry.npmjs.org/picomatch/-/picomatch-4.0.4.tgz 450ms (cache miss)
319 http fetch GET 200 https://registry.npmjs.org/@parcel/watcher-darwin-arm64/-/watcher-darwin-arm64-2.5.6.tgz 459ms (cache miss)
320 http fetch GET 200 https://registry.npmjs.org/node-addon-api/-/node-addon-api-7.1.1.tgz 461ms (cache miss)
321 http fetch GET 200 https://registry.npmjs.org/use-intl/-/use-intl-4.11.2.tgz 472ms (cache miss)
322 http fetch GET 200 https://registry.npmjs.org/@parcel/watcher/-/watcher-2.5.6.tgz 475ms (cache miss)
323 http fetch GET 200 https://registry.npmjs.org/next-intl-swc-plugin-extractor/-/next-intl-swc-plugin-extractor-4.11.2.tgz 559ms (cache miss)
324 http fetch GET 200 https://registry.npmjs.org/@formatjs/intl-localematcher/-/intl-localematcher-0.8.7.tgz 642ms (cache miss)
325 http fetch GET 200 https://registry.npmjs.org/next-intl/-/next-intl-4.11.2.tgz 685ms (cache miss)
326 http fetch GET 200 https://registry.npmjs.org/@formatjs/icu-messageformat-parser/-/icu-messageformat-parser-3.5.8.tgz 715ms (cache miss)
327 http fetch GET 200 https://registry.npmjs.org/postcss 439ms (cache miss)
328 silly packumentCache corgi:https://registry.npmjs.org/postcss set size:undefined disposed:false
329 http fetch GET 200 https://registry.npmjs.org/@formatjs/fast-memoize/-/fast-memoize-3.1.5.tgz 872ms (cache miss)
330 http fetch GET 200 https://registry.npmjs.org/@swc/core-darwin-arm64/-/core-darwin-arm64-1.15.33.tgz 4096ms (cache miss)
331 info run @parcel/watcher@2.5.6 install node_modules/@parcel/watcher node scripts/build-from-source.js
332 info run @parcel/watcher@2.5.6 install { code: 0, signal: null }
333 info run @swc/core@1.15.33 postinstall node_modules/next-intl/node_modules/@swc/core node postinstall.js
334 http fetch GET 200 https://registry.npmjs.org/next 3758ms (cache miss)
335 silly packumentCache corgi:https://registry.npmjs.org/next set size:undefined disposed:false
336 silly packumentCache corgi:https://registry.npmjs.org/next-auth cache-miss
337 silly packumentCache corgi:https://registry.npmjs.org/next-intl cache-miss
338 http fetch GET 200 https://registry.npmjs.org/next-intl 188ms (cache miss)
339 silly packumentCache corgi:https://registry.npmjs.org/next-intl set size:undefined disposed:false
340 http fetch GET 200 https://registry.npmjs.org/next-auth 404ms (cache miss)
341 silly packumentCache corgi:https://registry.npmjs.org/next-auth set size:undefined disposed:false
342 info run @swc/core@1.15.33 postinstall { code: 0, signal: null }
343 silly ADD node_modules/@swc/types
344 silly ADD node_modules/@swc/counter
345 silly ADD node_modules/@swc/core-darwin-arm64
346 silly ADD node_modules/intl-messageformat
347 silly ADD node_modules/@schummar/icu-type-parser
348 silly ADD node_modules/@formatjs/icu-skeleton-parser
349 silly ADD node_modules/@formatjs/icu-messageformat-parser
350 silly ADD node_modules/node-addon-api
351 silly ADD node_modules/@parcel/watcher-darwin-arm64
352 silly ADD node_modules/@formatjs/fast-memoize
353 silly ADD node_modules/use-intl
354 silly ADD node_modules/po-parser
355 silly ADD node_modules/next-intl-swc-plugin-extractor
356 silly ADD node_modules/icu-minify
357 silly ADD node_modules/@parcel/watcher
358 silly ADD node_modules/@parcel/watcher/node_modules/picomatch
359 silly ADD node_modules/@formatjs/intl-localematcher
360 silly ADD node_modules/next-intl
361 silly ADD node_modules/next-intl/node_modules/@swc/core
362 verbose cwd /Users/ztlab124/Desktop/Assignments/trend-agent-2/agent-ai-demo/frontend
363 verbose os Darwin 24.6.0
364 verbose node v24.14.1
365 verbose npm  v11.11.0
366 notice
366 notice New [33mminor[39m version of npm available! [33m11.11.0[39m -> [34m11.14.1[39m
366 notice Changelog: [34mhttps://github.com/npm/cli/releases/tag/v11.14.1[39m
366 notice To update run: [4mnpm install -g npm@11.14.1[24m
366 notice  { force: true, Symbol(proc-log.meta): true }
367 verbose exit 0
368 info ok
